Using pre-set license
Built from '2020.3/staging' branch; Version is '2020.3.18f1 (a7d1c678663c) revision 10998214'; Using compiler version '192528614'; Build Type 'Release'
OS: 'Windows 10 Pro; OS build 19042.1348; Version 2009; 64bit' Language: 'pl' Physical Memory: 8071 MB
BatchMode: 1, IsHumanControllingUs: 0, StartBugReporterOnCrash: 0, Is64bit: 1, IsPro: 0

COMMAND LINE ARGUMENTS:
C:\Program Files\Unity\Hub\Editor\2020.3.18f1\Editor\Unity.exe
-adb2
-batchMode
-noUpm
-name
AssetImportWorker19
-projectPath
C:/Users/48795/Desktop/Repozytoria/Programing-Theory-Repo/Proggraming Theory Project
-logFile
Logs/AssetImportWorker19.log
-srvPort
56784
Successfully changed project path to: C:/Users/48795/Desktop/Repozytoria/Programing-Theory-Repo/Proggraming Theory Project
C:/Users/48795/Desktop/Repozytoria/Programing-Theory-Repo/Proggraming Theory Project
Using Asset Import Pipeline V2.
